# JRE version: OpenJDK Runtime Environment Microsoft-8035246 (17.0.8+7) (build 17.0.8+7-LTS)
# Java VM: OpenJDK 64-Bit Server VM Microsoft-8035246 (17.0.8+7-LTS, mixed mode, sharing, tiered, compressed oops, compressed class ptrs, g1 gc, windows-amd64)
GC Precious Log:
 CPUs: 8 total, 8 available
 Memory: 24413M
 Large Page Support: Disabled
 NUMA Support: Disabled
 Compressed Oops: Enabled (32-bit)
 Heap Region Size: 1M
 Heap Min Capacity: 8M
 Heap Initial Capacity: 382M
 Heap Max Capacity: 2G
 Pre-touch: Disabled
 Parallel Workers: 8
 Concurrent Workers: 2
 Concurrent Refinement Workers: 8
 Periodic GC: Disabled
Heap:
 garbage-first heap   total 391168K, used 262358K [0x0000000080000000, 0x0000000100000000)
  region size 1024K, 112 young (114688K), 12 survivors (12288K)
 Metaspace       used 109408K, committed 110464K, reserved 557056K
  class space    used 15164K, committed 15680K, reserved 425984K
GC Heap History (20 events):
Event: 20.524 GC heap before
{Heap before GC invocations=32 (full 0):
 garbage-first heap   total 195584K, used 98772K [0x0000000080000000, 0x0000000100000000)
  region size 1024K, 9 young (9216K), 5 survivors (5120K)
 Metaspace       used 86496K, committed 87232K, reserved 557056K
  class space    used 12059K, committed 12416K, reserved 425984K
}
Event: 20.528 GC heap after
{Heap after GC invocations=33 (full 0):
 garbage-first heap   total 195584K, used 94406K [0x0000000080000000, 0x0000000100000000)
  region size 1024K, 1 young (1024K), 1 survivors (1024K)
 Metaspace       used 86496K, committed 87232K, reserved 557056K
  class space    used 12059K, committed 12416K, reserved 425984K
}
Event: 24.063 GC heap before
{Heap before GC invocations=33 (full 0):
 garbage-first heap   total 195584K, used 149702K [0x0000000080000000, 0x0000000100000000)
  region size 1024K, 55 young (56320K), 1 survivors (1024K)
 Metaspace       used 88579K, committed 89280K, reserved 557056K
  class space    used 12354K, committed 12672K, reserved 425984K
}
Event: 24.067 GC heap after
{Heap after GC invocations=34 (full 0):
 garbage-first heap   total 195584K, used 97834K [0x0000000080000000, 0x0000000100000000)
  region size 1024K, 4 young (4096K), 4 survivors (4096K)
 Metaspace       used 88579K, committed 89280K, reserved 557056K
  class space    used 12354K, committed 12672K, reserved 425984K
}
Event: 24.694 GC heap before
{Heap before GC invocations=35 (full 0):
 garbage-first heap   total 195584K, used 153130K [0x0000000080000000, 0x0000000100000000)
  region size 1024K, 57 young (58368K), 4 survivors (4096K)
 Metaspace       used 92278K, committed 93056K, reserved 557056K
  class space    used 13027K, committed 13376K, reserved 425984K
}
Event: 24.699 GC heap after
{Heap after GC invocations=36 (full 0):
 garbage-first heap   total 195584K, used 99503K [0x0000000080000000, 0x0000000100000000)
  region size 1024K, 6 young (6144K), 6 survivors (6144K)
 Metaspace       used 92278K, committed 93056K, reserved 557056K
  class space    used 13027K, committed 13376K, reserved 425984K
}
Event: 24.731 GC heap before
{Heap before GC invocations=36 (full 0):
 garbage-first heap   total 195584K, used 102575K [0x0000000080000000, 0x0000000100000000)
  region size 1024K, 9 young (9216K), 6 survivors (6144K)
 Metaspace       used 92489K, committed 93248K, reserved 557056K
  class space    used 13052K, committed 13376K, reserved 425984K
}
Event: 24.736 GC heap after
{Heap after GC invocations=37 (full 0):
 garbage-first heap   total 195584K, used 99742K [0x0000000080000000, 0x0000000100000000)
  region size 1024K, 1 young (1024K), 1 survivors (1024K)
 Metaspace       used 92489K, committed 93248K, reserved 557056K
  class space    used 13052K, committed 13376K, reserved 425984K
}
Event: 25.310 GC heap before
{Heap before GC invocations=37 (full 0):
 garbage-first heap   total 195584K, used 155038K [0x0000000080000000, 0x0000000100000000)
  region size 1024K, 55 young (56320K), 1 survivors (1024K)
 Metaspace       used 96762K, committed 97600K, reserved 557056K
  class space    used 13614K, committed 14016K, reserved 425984K
}
Event: 25.315 GC heap after
{Heap after GC invocations=38 (full 0):
 garbage-first heap   total 195584K, used 103405K [0x0000000080000000, 0x0000000100000000)
  region size 1024K, 5 young (5120K), 5 survivors (5120K)
 Metaspace       used 96762K, committed 97600K, reserved 557056K
  class space    used 13614K, committed 14016K, reserved 425984K
}
Event: 26.043 GC heap before
{Heap before GC invocations=38 (full 0):
 garbage-first heap   total 195584K, used 161773K [0x0000000080000000, 0x0000000100000000)
  region size 1024K, 57 young (58368K), 5 survivors (5120K)
 Metaspace       used 97925K, committed 98880K, reserved 557056K
  class space    used 13763K, committed 14208K, reserved 425984K
}
Event: 26.052 GC heap after
{Heap after GC invocations=39 (full 0):
 garbage-first heap   total 195584K, used 119483K [0x0000000080000000, 0x0000000100000000)
  region size 1024K, 8 young (8192K), 8 survivors (8192K)
 Metaspace       used 97925K, committed 98880K, reserved 557056K
  class space    used 13763K, committed 14208K, reserved 425984K
}
Event: 26.464 GC heap before
{Heap before GC invocations=39 (full 0):
 garbage-first heap   total 195584K, used 157371K [0x0000000080000000, 0x0000000100000000)
  region size 1024K, 45 young (46080K), 8 survivors (8192K)
 Metaspace       used 98519K, committed 99456K, reserved 557056K
  class space    used 13825K, committed 14272K, reserved 425984K
}
Event: 26.472 GC heap after
{Heap after GC invocations=40 (full 0):
 garbage-first heap   total 195584K, used 128969K [0x0000000080000000, 0x0000000100000000)
  region size 1024K, 6 young (6144K), 6 survivors (6144K)
 Metaspace       used 98519K, committed 99456K, reserved 557056K
  class space    used 13825K, committed 14272K, reserved 425984K
}
Event: 26.828 GC heap before
{Heap before GC invocations=40 (full 0):
 garbage-first heap   total 195584K, used 158665K [0x0000000080000000, 0x0000000100000000)
  region size 1024K, 35 young (35840K), 6 survivors (6144K)
 Metaspace       used 100063K, committed 101056K, reserved 557056K
  class space    used 13997K, committed 14464K, reserved 425984K
}
Event: 26.839 GC heap after
{Heap after GC invocations=41 (full 0):
 garbage-first heap   total 391168K, used 131734K [0x0000000080000000, 0x0000000100000000)
  region size 1024K, 3 young (3072K), 3 survivors (3072K)
 Metaspace       used 100063K, committed 101056K, reserved 557056K
  class space    used 13997K, committed 14464K, reserved 425984K
}
Event: 29.060 GC heap before
{Heap before GC invocations=41 (full 0):
 garbage-first heap   total 391168K, used 286358K [0x0000000080000000, 0x0000000100000000)
  region size 1024K, 153 young (156672K), 3 survivors (3072K)
 Metaspace       used 106953K, committed 108032K, reserved 557056K
  class space    used 14906K, committed 15424K, reserved 425984K
}
Event: 29.076 GC heap after
{Heap after GC invocations=42 (full 0):
 garbage-first heap   total 391168K, used 150452K [0x0000000080000000, 0x0000000100000000)
  region size 1024K, 19 young (19456K), 19 survivors (19456K)
 Metaspace       used 106953K, committed 108032K, reserved 557056K
  class space    used 14906K, committed 15424K, reserved 425984K
}
Event: 30.579 GC heap before
{Heap before GC invocations=42 (full 0):
 garbage-first heap   total 391168K, used 286644K [0x0000000080000000, 0x0000000100000000)
  region size 1024K, 153 young (156672K), 19 survivors (19456K)
 Metaspace       used 109262K, committed 110336K, reserved 557056K
  class space    used 15159K, committed 15680K, reserved 425984K
}
Event: 30.598 GC heap after
{Heap after GC invocations=43 (full 0):
 garbage-first heap   total 391168K, used 162006K [0x0000000080000000, 0x0000000100000000)
  region size 1024K, 12 young (12288K), 12 survivors (12288K)
 Metaspace       used 109262K, committed 110336K, reserved 557056K
  class space    used 15159K, committed 15680K, reserved 425984K
}

