# JRE version: OpenJDK Runtime Environment Microsoft-8035246 (17.0.8+7) (build 17.0.8+7-LTS)
# Java VM: OpenJDK 64-Bit Server VM Microsoft-8035246 (17.0.8+7-LTS, mixed mode, sharing, tiered, compressed oops, compressed class ptrs, g1 gc, windows-amd64)
GC Precious Log:
 CPUs: 8 total, 8 available
 Memory: 24413M
 Large Page Support: Disabled
 NUMA Support: Disabled
 Compressed Oops: Enabled (32-bit)
 Heap Region Size: 1M
 Heap Min Capacity: 8M
 Heap Initial Capacity: 382M
 Heap Max Capacity: 2G
 Pre-touch: Disabled
 Parallel Workers: 8
 Concurrent Workers: 2
 Concurrent Refinement Workers: 8
 Periodic GC: Disabled
Heap:
 garbage-first heap   total 338944K, used 238636K [0x0000000080000000, 0x0000000100000000)
  region size 1024K, 78 young (79872K), 7 survivors (7168K)
 Metaspace       used 103959K, committed 104960K, reserved 557056K
  class space    used 14496K, committed 14976K, reserved 425984K
GC Heap History (20 events):
Event: 20.441 GC heap before
{Heap before GC invocations=29 (full 0):
 garbage-first heap   total 211968K, used 121841K [0x0000000080000000, 0x0000000100000000)
  region size 1024K, 10 young (10240K), 9 survivors (9216K)
 Metaspace       used 92842K, committed 93760K, reserved 557056K
  class space    used 13121K, committed 13568K, reserved 425984K
}
Event: 20.452 GC heap after
{Heap after GC invocations=30 (full 0):
 garbage-first heap   total 211968K, used 121473K [0x0000000080000000, 0x0000000100000000)
  region size 1024K, 1 young (1024K), 1 survivors (1024K)
 Metaspace       used 92842K, committed 93760K, reserved 557056K
  class space    used 13121K, committed 13568K, reserved 425984K
}
Event: 20.617 GC heap before
{Heap before GC invocations=30 (full 0):
 garbage-first heap   total 211968K, used 136833K [0x0000000080000000, 0x0000000100000000)
  region size 1024K, 17 young (17408K), 1 survivors (1024K)
 Metaspace       used 92992K, committed 93888K, reserved 557056K
  class space    used 13127K, committed 13568K, reserved 425984K
}
Event: 20.623 GC heap after
{Heap after GC invocations=31 (full 0):
 garbage-first heap   total 211968K, used 124268K [0x0000000080000000, 0x0000000100000000)
  region size 1024K, 4 young (4096K), 4 survivors (4096K)
 Metaspace       used 92992K, committed 93888K, reserved 557056K
  class space    used 13127K, committed 13568K, reserved 425984K
}
Event: 21.195 GC heap before
{Heap before GC invocations=32 (full 0):
 garbage-first heap   total 227328K, used 168300K [0x0000000080000000, 0x0000000100000000)
  region size 1024K, 47 young (48128K), 4 survivors (4096K)
 Metaspace       used 94734K, committed 95680K, reserved 557056K
  class space    used 13335K, committed 13824K, reserved 425984K
}
Event: 21.203 GC heap after
{Heap after GC invocations=33 (full 0):
 garbage-first heap   total 273408K, used 131494K [0x0000000080000000, 0x0000000100000000)
  region size 1024K, 6 young (6144K), 6 survivors (6144K)
 Metaspace       used 94734K, committed 95680K, reserved 557056K
  class space    used 13335K, committed 13824K, reserved 425984K
}
Event: 21.304 GC heap before
{Heap before GC invocations=33 (full 0):
 garbage-first heap   total 273408K, used 138662K [0x0000000080000000, 0x0000000100000000)
  region size 1024K, 13 young (13312K), 6 survivors (6144K)
 Metaspace       used 94771K, committed 95744K, reserved 557056K
  class space    used 13335K, committed 13824K, reserved 425984K
}
Event: 21.310 GC heap after
{Heap after GC invocations=34 (full 0):
 garbage-first heap   total 273408K, used 132516K [0x0000000080000000, 0x0000000100000000)
  region size 1024K, 2 young (2048K), 2 survivors (2048K)
 Metaspace       used 94771K, committed 95744K, reserved 557056K
  class space    used 13335K, committed 13824K, reserved 425984K
}
Event: 22.021 GC heap before
{Heap before GC invocations=34 (full 0):
 garbage-first heap   total 273408K, used 201124K [0x0000000080000000, 0x0000000100000000)
  region size 1024K, 68 young (69632K), 2 survivors (2048K)
 Metaspace       used 97011K, committed 97984K, reserved 557056K
  class space    used 13641K, committed 14144K, reserved 425984K
}
Event: 22.030 GC heap after
{Heap after GC invocations=35 (full 0):
 garbage-first heap   total 273408K, used 143166K [0x0000000080000000, 0x0000000100000000)
  region size 1024K, 9 young (9216K), 9 survivors (9216K)
 Metaspace       used 97011K, committed 97984K, reserved 557056K
  class space    used 13641K, committed 14144K, reserved 425984K
}
Event: 22.740 GC heap before
{Heap before GC invocations=36 (full 0):
 garbage-first heap   total 273408K, used 206654K [0x0000000080000000, 0x0000000100000000)
  region size 1024K, 72 young (73728K), 9 survivors (9216K)
 Metaspace       used 101241K, committed 102208K, reserved 557056K
  class space    used 14204K, committed 14656K, reserved 425984K
}
Event: 22.749 GC heap after
{Heap after GC invocations=37 (full 0):
 garbage-first heap   total 273408K, used 147944K [0x0000000080000000, 0x0000000100000000)
  region size 1024K, 5 young (5120K), 5 survivors (5120K)
 Metaspace       used 101241K, committed 102208K, reserved 557056K
  class space    used 14204K, committed 14656K, reserved 425984K
}
Event: 22.839 GC heap before
{Heap before GC invocations=37 (full 0):
 garbage-first heap   total 273408K, used 156136K [0x0000000080000000, 0x0000000100000000)
  region size 1024K, 13 young (13312K), 5 survivors (5120K)
 Metaspace       used 101459K, committed 102464K, reserved 557056K
  class space    used 14231K, committed 14720K, reserved 425984K
}
Event: 22.845 GC heap after
{Heap after GC invocations=38 (full 0):
 garbage-first heap   total 273408K, used 149395K [0x0000000080000000, 0x0000000100000000)
  region size 1024K, 2 young (2048K), 2 survivors (2048K)
 Metaspace       used 101459K, committed 102464K, reserved 557056K
  class space    used 14231K, committed 14720K, reserved 425984K
}
Event: 23.420 GC heap before
{Heap before GC invocations=38 (full 0):
 garbage-first heap   total 273408K, used 212883K [0x0000000080000000, 0x0000000100000000)
  region size 1024K, 64 young (65536K), 2 survivors (2048K)
 Metaspace       used 102647K, committed 103680K, reserved 557056K
  class space    used 14360K, committed 14848K, reserved 425984K
}
Event: 23.426 GC heap after
{Heap after GC invocations=39 (full 0):
 garbage-first heap   total 273408K, used 155074K [0x0000000080000000, 0x0000000100000000)
  region size 1024K, 8 young (8192K), 8 survivors (8192K)
 Metaspace       used 102647K, committed 103680K, reserved 557056K
  class space    used 14360K, committed 14848K, reserved 425984K
}
Event: 23.892 GC heap before
{Heap before GC invocations=39 (full 0):
 garbage-first heap   total 273408K, used 216514K [0x0000000080000000, 0x0000000100000000)
  region size 1024K, 69 young (70656K), 8 survivors (8192K)
 Metaspace       used 103583K, committed 104512K, reserved 557056K
  class space    used 14461K, committed 14912K, reserved 425984K
}
Event: 23.901 GC heap after
{Heap after GC invocations=40 (full 0):
 garbage-first heap   total 273408K, used 160026K [0x0000000080000000, 0x0000000100000000)
  region size 1024K, 6 young (6144K), 6 survivors (6144K)
 Metaspace       used 103583K, committed 104512K, reserved 557056K
  class space    used 14461K, committed 14912K, reserved 425984K
}
Event: 24.242 GC heap before
{Heap before GC invocations=40 (full 0):
 garbage-first heap   total 273408K, used 219418K [0x0000000080000000, 0x0000000100000000)
  region size 1024K, 65 young (66560K), 6 survivors (6144K)
 Metaspace       used 103948K, committed 104960K, reserved 557056K
  class space    used 14496K, committed 14976K, reserved 425984K
}
Event: 24.250 GC heap after
{Heap after GC invocations=41 (full 0):
 garbage-first heap   total 338944K, used 166956K [0x0000000080000000, 0x0000000100000000)
  region size 1024K, 7 young (7168K), 7 survivors (7168K)
 Metaspace       used 103948K, committed 104960K, reserved 557056K
  class space    used 14496K, committed 14976K, reserved 425984K
}

