# JRE version: OpenJDK Runtime Environment Microsoft-8035246 (17.0.8+7) (build 17.0.8+7-LTS)
# Java VM: OpenJDK 64-Bit Server VM Microsoft-8035246 (17.0.8+7-LTS, mixed mode, sharing, tiered, compressed oops, compressed class ptrs, g1 gc, windows-amd64)
GC Precious Log:
 CPUs: 8 total, 8 available
 Memory: 24413M
 Large Page Support: Disabled
 NUMA Support: Disabled
 Compressed Oops: Enabled (32-bit)
 Heap Region Size: 1M
 Heap Min Capacity: 8M
 Heap Initial Capacity: 382M
 Heap Max Capacity: 2G
 Pre-touch: Disabled
 Parallel Workers: 8
 Concurrent Workers: 2
 Concurrent Refinement Workers: 8
 Periodic GC: Disabled
Heap:
 garbage-first heap   total 371712K, used 228714K [0x0000000080000000, 0x0000000100000000)
  region size 1024K, 80 young (81920K), 15 survivors (15360K)
 Metaspace       used 104019K, committed 104960K, reserved 557056K
  class space    used 14484K, committed 14976K, reserved 425984K
GC Heap History (20 events):
Event: 25.987 GC heap before
{Heap before GC invocations=51 (full 0):
 garbage-first heap   total 211968K, used 154793K [0x0000000080000000, 0x0000000100000000)
  region size 1024K, 35 young (35840K), 3 survivors (3072K)
 Metaspace       used 94496K, committed 95424K, reserved 557056K
  class space    used 13295K, committed 13760K, reserved 425984K
}
Event: 25.993 GC heap after
{Heap after GC invocations=52 (full 0):
 garbage-first heap   total 211968K, used 129164K [0x0000000080000000, 0x0000000100000000)
  region size 1024K, 5 young (5120K), 5 survivors (5120K)
 Metaspace       used 94496K, committed 95424K, reserved 557056K
  class space    used 13295K, committed 13760K, reserved 425984K
}
Event: 26.081 GC heap before
{Heap before GC invocations=52 (full 0):
 garbage-first heap   total 211968K, used 134284K [0x0000000080000000, 0x0000000100000000)
  region size 1024K, 10 young (10240K), 5 survivors (5120K)
 Metaspace       used 94657K, committed 95616K, reserved 557056K
  class space    used 13304K, committed 13760K, reserved 425984K
}
Event: 26.084 GC heap after
{Heap after GC invocations=53 (full 0):
 garbage-first heap   total 211968K, used 129216K [0x0000000080000000, 0x0000000100000000)
  region size 1024K, 1 young (1024K), 1 survivors (1024K)
 Metaspace       used 94657K, committed 95616K, reserved 557056K
  class space    used 13304K, committed 13760K, reserved 425984K
}
Event: 26.669 GC heap before
{Heap before GC invocations=53 (full 0):
 garbage-first heap   total 211968K, used 158912K [0x0000000080000000, 0x0000000100000000)
  region size 1024K, 31 young (31744K), 1 survivors (1024K)
 Metaspace       used 94976K, committed 95936K, reserved 557056K
  class space    used 13339K, committed 13824K, reserved 425984K
}
Event: 26.673 GC heap after
{Heap after GC invocations=54 (full 0):
 garbage-first heap   total 211968K, used 132954K [0x0000000080000000, 0x0000000100000000)
  region size 1024K, 4 young (4096K), 4 survivors (4096K)
 Metaspace       used 94976K, committed 95936K, reserved 557056K
  class space    used 13339K, committed 13824K, reserved 425984K
}
Event: 27.123 GC heap before
{Heap before GC invocations=55 (full 0):
 garbage-first heap   total 235520K, used 167770K [0x0000000080000000, 0x0000000100000000)
  region size 1024K, 36 young (36864K), 4 survivors (4096K)
 Metaspace       used 95874K, committed 96896K, reserved 557056K
  class space    used 13451K, committed 13952K, reserved 425984K
}
Event: 27.130 GC heap after
{Heap after GC invocations=56 (full 0):
 garbage-first heap   total 235520K, used 141079K [0x0000000080000000, 0x0000000100000000)
  region size 1024K, 5 young (5120K), 5 survivors (5120K)
 Metaspace       used 95874K, committed 96896K, reserved 557056K
  class space    used 13451K, committed 13952K, reserved 425984K
}
Event: 27.188 GC heap before
{Heap before GC invocations=56 (full 0):
 garbage-first heap   total 235520K, used 146199K [0x0000000080000000, 0x0000000100000000)
  region size 1024K, 11 young (11264K), 5 survivors (5120K)
 Metaspace       used 96183K, committed 97152K, reserved 557056K
  class space    used 13499K, committed 14016K, reserved 425984K
}
Event: 27.192 GC heap after
{Heap after GC invocations=57 (full 0):
 garbage-first heap   total 235520K, used 142098K [0x0000000080000000, 0x0000000100000000)
  region size 1024K, 1 young (1024K), 1 survivors (1024K)
 Metaspace       used 96183K, committed 97152K, reserved 557056K
  class space    used 13499K, committed 14016K, reserved 425984K
}
Event: 27.730 GC heap before
{Heap before GC invocations=57 (full 0):
 garbage-first heap   total 235520K, used 181010K [0x0000000080000000, 0x0000000100000000)
  region size 1024K, 39 young (39936K), 1 survivors (1024K)
 Metaspace       used 99458K, committed 100416K, reserved 557056K
  class space    used 13982K, committed 14464K, reserved 425984K
}
Event: 27.734 GC heap after
{Heap after GC invocations=58 (full 0):
 garbage-first heap   total 235520K, used 143890K [0x0000000080000000, 0x0000000100000000)
  region size 1024K, 3 young (3072K), 3 survivors (3072K)
 Metaspace       used 99458K, committed 100416K, reserved 557056K
  class space    used 13982K, committed 14464K, reserved 425984K
}
Event: 28.387 GC heap before
{Heap before GC invocations=59 (full 0):
 garbage-first heap   total 254976K, used 183826K [0x0000000080000000, 0x0000000100000000)
  region size 1024K, 42 young (43008K), 3 survivors (3072K)
 Metaspace       used 101402K, committed 102400K, reserved 557056K
  class space    used 14209K, committed 14720K, reserved 425984K
}
Event: 28.394 GC heap after
{Heap after GC invocations=60 (full 0):
 garbage-first heap   total 254976K, used 146909K [0x0000000080000000, 0x0000000100000000)
  region size 1024K, 6 young (6144K), 6 survivors (6144K)
 Metaspace       used 101402K, committed 102400K, reserved 557056K
  class space    used 14209K, committed 14720K, reserved 425984K
}
Event: 28.472 GC heap before
{Heap before GC invocations=60 (full 0):
 garbage-first heap   total 254976K, used 153053K [0x0000000080000000, 0x0000000100000000)
  region size 1024K, 12 young (12288K), 6 survivors (6144K)
 Metaspace       used 101541K, committed 102528K, reserved 557056K
  class space    used 14222K, committed 14720K, reserved 425984K
}
Event: 28.481 GC heap after
{Heap after GC invocations=61 (full 0):
 garbage-first heap   total 254976K, used 148325K [0x0000000080000000, 0x0000000100000000)
  region size 1024K, 2 young (2048K), 2 survivors (2048K)
 Metaspace       used 101541K, committed 102528K, reserved 557056K
  class space    used 14222K, committed 14720K, reserved 425984K
}
Event: 29.002 GC heap before
{Heap before GC invocations=61 (full 0):
 garbage-first heap   total 254976K, used 197477K [0x0000000080000000, 0x0000000100000000)
  region size 1024K, 50 young (51200K), 2 survivors (2048K)
 Metaspace       used 102631K, committed 103616K, reserved 557056K
  class space    used 14350K, committed 14848K, reserved 425984K
}
Event: 29.010 GC heap after
{Heap after GC invocations=62 (full 0):
 garbage-first heap   total 371712K, used 152350K [0x0000000080000000, 0x0000000100000000)
  region size 1024K, 6 young (6144K), 6 survivors (6144K)
 Metaspace       used 102631K, committed 103616K, reserved 557056K
  class space    used 14350K, committed 14848K, reserved 425984K
}
Event: 30.086 GC heap before
{Heap before GC invocations=62 (full 0):
 garbage-first heap   total 371712K, used 260894K [0x0000000080000000, 0x0000000100000000)
  region size 1024K, 113 young (115712K), 6 survivors (6144K)
 Metaspace       used 103963K, committed 104960K, reserved 557056K
  class space    used 14483K, committed 14976K, reserved 425984K
}
Event: 30.099 GC heap after
{Heap after GC invocations=63 (full 0):
 garbage-first heap   total 371712K, used 163178K [0x0000000080000000, 0x0000000100000000)
  region size 1024K, 15 young (15360K), 15 survivors (15360K)
 Metaspace       used 103963K, committed 104960K, reserved 557056K
  class space    used 14483K, committed 14976K, reserved 425984K
}

