# JRE version: OpenJDK Runtime Environment Microsoft-8035246 (17.0.8+7) (build 17.0.8+7-LTS)
# Java VM: OpenJDK 64-Bit Server VM Microsoft-8035246 (17.0.8+7-LTS, mixed mode, sharing, tiered, compressed oops, compressed class ptrs, g1 gc, windows-amd64)
GC Precious Log:
 CPUs: 8 total, 8 available
 Memory: 24413M
 Large Page Support: Disabled
 NUMA Support: Disabled
 Compressed Oops: Enabled (32-bit)
 Heap Region Size: 1M
 Heap Min Capacity: 8M
 Heap Initial Capacity: 382M
 Heap Max Capacity: 2G
 Pre-touch: Disabled
 Parallel Workers: 8
 Concurrent Workers: 2
 Concurrent Refinement Workers: 8
 Periodic GC: Disabled
Heap:
 garbage-first heap   total 405504K, used 278870K [0x0000000080000000, 0x0000000100000000)
  region size 1024K, 133 young (136192K), 14 survivors (14336K)
 Metaspace       used 109308K, committed 110336K, reserved 557056K
  class space    used 15133K, committed 15616K, reserved 425984K
GC Heap History (20 events):
Event: 19.767 GC heap before
{Heap before GC invocations=52 (full 0):
 garbage-first heap   total 174080K, used 109468K [0x0000000080000000, 0x0000000100000000)
  region size 1024K, 8 young (8192K), 6 survivors (6144K)
 Metaspace       used 97535K, committed 98304K, reserved 557056K
  class space    used 13702K, committed 14080K, reserved 425984K
}
Event: 19.774 GC heap after
{Heap after GC invocations=53 (full 0):
 garbage-first heap   total 174080K, used 108794K [0x0000000080000000, 0x0000000100000000)
  region size 1024K, 1 young (1024K), 1 survivors (1024K)
 Metaspace       used 97535K, committed 98304K, reserved 557056K
  class space    used 13702K, committed 14080K, reserved 425984K
}
Event: 20.189 GC heap before
{Heap before GC invocations=53 (full 0):
 garbage-first heap   total 174080K, used 148730K [0x0000000080000000, 0x0000000100000000)
  region size 1024K, 36 young (36864K), 1 survivors (1024K)
 Metaspace       used 98124K, committed 98944K, reserved 557056K
  class space    used 13769K, committed 14144K, reserved 425984K
}
Event: 20.193 GC heap after
{Heap after GC invocations=54 (full 0):
 garbage-first heap   total 174080K, used 121395K [0x0000000080000000, 0x0000000100000000)
  region size 1024K, 5 young (5120K), 5 survivors (5120K)
 Metaspace       used 98124K, committed 98944K, reserved 557056K
  class space    used 13769K, committed 14144K, reserved 425984K
}
Event: 20.504 GC heap before
{Heap before GC invocations=55 (full 0):
 garbage-first heap   total 208896K, used 143923K [0x0000000080000000, 0x0000000100000000)
  region size 1024K, 27 young (27648K), 5 survivors (5120K)
 Metaspace       used 98327K, committed 99200K, reserved 557056K
  class space    used 13776K, committed 14208K, reserved 425984K
}
Event: 20.508 GC heap after
{Heap after GC invocations=56 (full 0):
 garbage-first heap   total 208896K, used 127663K [0x0000000080000000, 0x0000000100000000)
  region size 1024K, 4 young (4096K), 4 survivors (4096K)
 Metaspace       used 98327K, committed 99200K, reserved 557056K
  class space    used 13776K, committed 14208K, reserved 425984K
}
Event: 20.548 GC heap before
{Heap before GC invocations=56 (full 0):
 garbage-first heap   total 208896K, used 132783K [0x0000000080000000, 0x0000000100000000)
  region size 1024K, 10 young (10240K), 4 survivors (4096K)
 Metaspace       used 98338K, committed 99200K, reserved 557056K
  class space    used 13779K, committed 14208K, reserved 425984K
}
Event: 20.551 GC heap after
{Heap after GC invocations=57 (full 0):
 garbage-first heap   total 208896K, used 130048K [0x0000000080000000, 0x0000000100000000)
  region size 1024K, 2 young (2048K), 2 survivors (2048K)
 Metaspace       used 98338K, committed 99200K, reserved 557056K
  class space    used 13779K, committed 14208K, reserved 425984K
}
Event: 20.879 GC heap before
{Heap before GC invocations=57 (full 0):
 garbage-first heap   total 208896K, used 167936K [0x0000000080000000, 0x0000000100000000)
  region size 1024K, 39 young (39936K), 2 survivors (2048K)
 Metaspace       used 100075K, committed 101056K, reserved 557056K
  class space    used 13981K, committed 14464K, reserved 425984K
}
Event: 20.882 GC heap after
{Heap after GC invocations=58 (full 0):
 garbage-first heap   total 208896K, used 134052K [0x0000000080000000, 0x0000000100000000)
  region size 1024K, 5 young (5120K), 5 survivors (5120K)
 Metaspace       used 100075K, committed 101056K, reserved 557056K
  class space    used 13981K, committed 14464K, reserved 425984K
}
Event: 21.140 GC heap before
{Heap before GC invocations=58 (full 0):
 garbage-first heap   total 208896K, used 154532K [0x0000000080000000, 0x0000000100000000)
  region size 1024K, 27 young (27648K), 5 survivors (5120K)
 Metaspace       used 100232K, committed 101184K, reserved 557056K
  class space    used 13996K, committed 14464K, reserved 425984K
}
Event: 21.145 GC heap after
{Heap after GC invocations=59 (full 0):
 garbage-first heap   total 208896K, used 137121K [0x0000000080000000, 0x0000000100000000)
  region size 1024K, 3 young (3072K), 3 survivors (3072K)
 Metaspace       used 100232K, committed 101184K, reserved 557056K
  class space    used 13996K, committed 14464K, reserved 425984K
}
Event: 21.530 GC heap before
{Heap before GC invocations=60 (full 0):
 garbage-first heap   total 240640K, used 173985K [0x0000000080000000, 0x0000000100000000)
  region size 1024K, 37 young (37888K), 3 survivors (3072K)
 Metaspace       used 101238K, committed 102208K, reserved 557056K
  class space    used 14125K, committed 14592K, reserved 425984K
}
Event: 21.534 GC heap after
{Heap after GC invocations=61 (full 0):
 garbage-first heap   total 240640K, used 145557K [0x0000000080000000, 0x0000000100000000)
  region size 1024K, 5 young (5120K), 5 survivors (5120K)
 Metaspace       used 101238K, committed 102208K, reserved 557056K
  class space    used 14125K, committed 14592K, reserved 425984K
}
Event: 21.586 GC heap before
{Heap before GC invocations=61 (full 0):
 garbage-first heap   total 240640K, used 151701K [0x0000000080000000, 0x0000000100000000)
  region size 1024K, 11 young (11264K), 5 survivors (5120K)
 Metaspace       used 101551K, committed 102528K, reserved 557056K
  class space    used 14171K, committed 14656K, reserved 425984K
}
Event: 21.590 GC heap after
{Heap after GC invocations=62 (full 0):
 garbage-first heap   total 240640K, used 145375K [0x0000000080000000, 0x0000000100000000)
  region size 1024K, 1 young (1024K), 1 survivors (1024K)
 Metaspace       used 101551K, committed 102528K, reserved 557056K
  class space    used 14171K, committed 14656K, reserved 425984K
}
Event: 22.105 GC heap before
{Heap before GC invocations=62 (full 0):
 garbage-first heap   total 240640K, used 188383K [0x0000000080000000, 0x0000000100000000)
  region size 1024K, 43 young (44032K), 1 survivors (1024K)
 Metaspace       used 105197K, committed 106176K, reserved 557056K
  class space    used 14693K, committed 15168K, reserved 425984K
}
Event: 22.110 GC heap after
{Heap after GC invocations=63 (full 0):
 garbage-first heap   total 405504K, used 147136K [0x0000000080000000, 0x0000000100000000)
  region size 1024K, 3 young (3072K), 3 survivors (3072K)
 Metaspace       used 105197K, committed 106176K, reserved 557056K
  class space    used 14693K, committed 15168K, reserved 425984K
}
Event: 23.680 GC heap before
{Heap before GC invocations=63 (full 0):
 garbage-first heap   total 405504K, used 266944K [0x0000000080000000, 0x0000000100000000)
  region size 1024K, 120 young (122880K), 3 survivors (3072K)
 Metaspace       used 108263K, committed 109312K, reserved 557056K
  class space    used 15043K, committed 15552K, reserved 425984K
}
Event: 23.693 GC heap after
{Heap after GC invocations=64 (full 0):
 garbage-first heap   total 405504K, used 159062K [0x0000000080000000, 0x0000000100000000)
  region size 1024K, 14 young (14336K), 14 survivors (14336K)
 Metaspace       used 108263K, committed 109312K, reserved 557056K
  class space    used 15043K, committed 15552K, reserved 425984K
}

